  AllBarrels.cpp
C:\Users\ramat\OneDrive\Desktop\PROJECT++\EndProject2\EndProject2\board.h(132,26): warning C4267: 'return': conversion from 'size_t' to 'int', possible loss of data
  (compiling source file 'AllBarrels.cpp')
  
C:\Users\ramat\OneDrive\Desktop\PROJECT++\EndProject2\EndProject2\AllBarrels.h(47,25): warning C4267: 'return': conversion from 'size_t' to 'const int', possible loss of data
  (compiling source file 'AllBarrels.cpp')
  
C:\Users\ramat\OneDrive\Desktop\PROJECT++\EndProject2\EndProject2\AllBarrels.cpp(21,23): warning C4267: 'initializing': conversion from 'size_t' to 'int', possible loss of data
C:\Users\ramat\OneDrive\Desktop\PROJECT++\EndProject2\EndProject2\AllBarrels.cpp(31,23): warning C4267: 'initializing': conversion from 'size_t' to 'int', possible loss of data
  allGhosts.cpp
C:\Users\ramat\OneDrive\Desktop\PROJECT++\EndProject2\EndProject2\board.h(132,26): warning C4267: 'return': conversion from 'size_t' to 'int', possible loss of data
  (compiling source file 'allGhosts.cpp')
  
  barrel.cpp
C:\Users\ramat\OneDrive\Desktop\PROJECT++\EndProject2\EndProject2\board.h(132,26): warning C4267: 'return': conversion from 'size_t' to 'int', possible loss of data
  (compiling source file 'barrel.cpp')
  
  baseDonkey.cpp
C:\Users\ramat\OneDrive\Desktop\PROJECT++\EndProject2\EndProject2\board.h(132,26): warning C4267: 'return': conversion from 'size_t' to 'int', possible loss of data
  (compiling source file 'baseDonkey.cpp')
  
C:\Users\ramat\OneDrive\Desktop\PROJECT++\EndProject2\EndProject2\AllBarrels.h(47,25): warning C4267: 'return': conversion from 'size_t' to 'const int', possible loss of data
  (compiling source file 'baseDonkey.cpp')
  
  board.cpp
C:\Users\ramat\OneDrive\Desktop\PROJECT++\EndProject2\EndProject2\board.h(132,26): warning C4267: 'return': conversion from 'size_t' to 'int', possible loss of data
  (compiling source file 'board.cpp')
  
  climbGhost.cpp
C:\Users\ramat\OneDrive\Desktop\PROJECT++\EndProject2\EndProject2\board.h(132,26): warning C4267: 'return': conversion from 'size_t' to 'int', possible loss of data
  (compiling source file 'climbGhost.cpp')
  
  DonkeyGame.cpp
C:\Users\ramat\OneDrive\Desktop\PROJECT++\EndProject2\EndProject2\DonkeyGame.h(1,1): warning C4067: unexpected tokens following preprocessor directive - expected a newline
  (compiling source file 'DonkeyGame.cpp')
  
C:\Users\ramat\OneDrive\Desktop\PROJECT++\EndProject2\EndProject2\board.h(132,26): warning C4267: 'return': conversion from 'size_t' to 'int', possible loss of data
  (compiling source file 'DonkeyGame.cpp')
  
C:\Users\ramat\OneDrive\Desktop\PROJECT++\EndProject2\EndProject2\AllBarrels.h(47,25): warning C4267: 'return': conversion from 'size_t' to 'const int', possible loss of data
  (compiling source file 'DonkeyGame.cpp')
  
C:\Users\ramat\OneDrive\Desktop\PROJECT++\EndProject2\EndProject2\DonkeyGame.cpp(22,6): warning C4101: 'n': unreferenced local variable
  enemy.cpp
C:\Users\ramat\OneDrive\Desktop\PROJECT++\EndProject2\EndProject2\board.h(132,26): warning C4267: 'return': conversion from 'size_t' to 'int', possible loss of data
  (compiling source file 'enemy.cpp')
  
  general.cpp
  ghost.cpp
C:\Users\ramat\OneDrive\Desktop\PROJECT++\EndProject2\EndProject2\board.h(132,26): warning C4267: 'return': conversion from 'size_t' to 'int', possible loss of data
  (compiling source file 'ghost.cpp')
  
  loadDonkeyGame.cpp
C:\Users\ramat\OneDrive\Desktop\PROJECT++\EndProject2\EndProject2\board.h(132,26): warning C4267: 'return': conversion from 'size_t' to 'int', possible loss of data
  (compiling source file 'loadDonkeyGame.cpp')
  
C:\Users\ramat\OneDrive\Desktop\PROJECT++\EndProject2\EndProject2\AllBarrels.h(47,25): warning C4267: 'return': conversion from 'size_t' to 'const int', possible loss of data
  (compiling source file 'loadDonkeyGame.cpp')
  
C:\Users\ramat\OneDrive\Desktop\PROJECT++\EndProject2\EndProject2\loadDonkeyGame.cpp(32,6): warning C4101: 'n': unreferenced local variable
  main.cpp
C:\Users\ramat\OneDrive\Desktop\PROJECT++\EndProject2\EndProject2\board.h(132,26): warning C4267: 'return': conversion from 'size_t' to 'int', possible loss of data
  (compiling source file 'main.cpp')
  
C:\Users\ramat\OneDrive\Desktop\PROJECT++\EndProject2\EndProject2\AllBarrels.h(47,25): warning C4267: 'return': conversion from 'size_t' to 'const int', possible loss of data
  (compiling source file 'main.cpp')
  
C:\Users\ramat\OneDrive\Desktop\PROJECT++\EndProject2\EndProject2\DonkeyGame.h(1,1): warning C4067: unexpected tokens following preprocessor directive - expected a newline
  (compiling source file 'main.cpp')
  
  mario.cpp
C:\Users\ramat\OneDrive\Desktop\PROJECT++\EndProject2\EndProject2\board.h(132,26): warning C4267: 'return': conversion from 'size_t' to 'int', possible loss of data
  (compiling source file 'mario.cpp')
  
  point.cpp
C:\Users\ramat\OneDrive\Desktop\PROJECT++\EndProject2\EndProject2\board.h(132,26): warning C4267: 'return': conversion from 'size_t' to 'int', possible loss of data
  (compiling source file 'point.cpp')
  
  Results.cpp
  Steps.cpp
  Generating Code...
  EndProject2.vcxproj -> C:\Users\ramat\OneDrive\Desktop\PROJECT++\EndProject2\x64\Debug\EndProject2.exe
